<?xml version="1.0" encoding="UTF-8"?>
<testsuite xmlns:xsi="http://www.w3.org/2001/XMLSchema-instance" xsi:noNamespaceSchemaLocation="https://maven.apache.org/surefire/maven-surefire-plugin/xsd/surefire-test-report-3.0.xsd" version="3.0" name="com.MicroServiceProject.ProductService.ProductServiceApplicationTests" time="6.714" tests="1" errors="0" skipped="0" failures="0">
  <properties>
[...]
</properties>
  <testcase name="contextLoads" classname="com.MicroServiceProject.ProductService.ProductServiceApplicationTests" time="1.348">
    <system-out><![CDATA[07:40:41.316 [main] INFO org.springframework.test.context.support.AnnotationConfigContextLoaderUtils -- Could not detect default configuration classes for test class [com.MicroServiceProject.ProductService.ProductServiceApplicationTests]: ProductServiceApplicationTests does not declare any static, non-private, non-final, nested classes annotated with @Configuration.
07:40:41.505 [main] INFO org.springframework.boot.test.context.SpringBootTestContextBootstrapper -- Found @SpringBootConfiguration com.MicroServiceProject.ProductService.ProductServiceApplication for test class com.MicroServiceProject.ProductService.ProductServiceApplicationTests

  .   ____          _            __ _ _
 /\\ / ___'_ __ _ _(_)_ __  __ _ \ \ \ \
( ( )\___ | '_ | '_| | '_ \/ _` | \ \ \ \
 \\/  ___)| |_)| | | | | || (_| |  ) ) ) )
  '  |____| .__|_| |_|_| |_\__, | / / / /
 =========|_|==============|___/=/_/_/_/

 :: Spring Boot ::                (v3.3.3)

2024-09-15T07:40:42.408+05:30  INFO 25400 --- [ProductService] [           main] c.M.P.ProductServiceApplicationTests     : Starting ProductServiceApplicationTests using Java 22.0.1 with PID 25400 (started by yasho in C:\Users\yasho\Documents\GitHub\ShoppingCart\ProductService)
2024-09-15T07:40:42.412+05:30  INFO 25400 --- [ProductService] [           main] c.M.P.ProductServiceApplicationTests     : No active profile set, falling back to 1 default profile: "default"
2024-09-15T07:40:43.638+05:30  INFO 25400 --- [ProductService] [           main] .s.d.r.c.RepositoryConfigurationDelegate : Bootstrapping Spring Data MongoDB repositories in DEFAULT mode.
2024-09-15T07:40:43.740+05:30  INFO 25400 --- [ProductService] [           main] .s.d.r.c.RepositoryConfigurationDelegate : Finished Spring Data repository scanning in 92 ms. Found 1 MongoDB repository interface.
2024-09-15T07:40:44.624+05:30  INFO 25400 --- [ProductService] [           main] org.mongodb.driver.client                : MongoClient with metadata {"driver": {"name": "mongo-java-driver|sync|spring-boot", "version": "5.0.1"}, "os": {"type": "Windows", "name": "Windows 11", "architecture": "amd64", "version": "10.0"}, "platform": "Java/Oracle Corporation/22.0.1+8-16"} created with settings MongoClientSettings{readPreference=primary, writeConcern=WriteConcern{w=null, wTimeout=null ms, journal=null}, retryWrites=true, retryReads=true, readConcern=ReadConcern{level=null}, credential=MongoCredential{mechanism=null, userName='Yashodhara', source='admin', password=<hidden>, mechanismProperties=<hidden>}, transportSettings=null, commandListeners=[], codecRegistry=ProvidersCodecRegistry{codecProviders=[ValueCodecProvider{}, BsonValueCodecProvider{}, DBRefCodecProvider{}, DBObjectCodecProvider{}, DocumentCodecProvider{}, CollectionCodecProvider{}, IterableCodecProvider{}, MapCodecProvider{}, GeoJsonCodecProvider{}, GridFSFileCodecProvider{}, Jsr310CodecProvider{}, JsonObjectCodecProvider{}, BsonCodecProvider{}, EnumCodecProvider{}, com.mongodb.client.model.mql.ExpressionCodecProvider@e95595b, com.mongodb.Jep395RecordCodecProvider@5a917723, com.mongodb.KotlinCodecProvider@7e4579c7]}, loggerSettings=LoggerSettings{maxDocumentLength=1000}, clusterSettings={hosts=[127.0.0.1:27017], srvHost=cluster0.5whlc.mongodb.net, srvServiceName=mongodb, mode=MULTIPLE, requiredClusterType=REPLICA_SET, requiredReplicaSetName='atlas-pkdu82-shard-0', serverSelector='null', clusterListeners='[]', serverSelectionTimeout='30000 ms', localThreshold='15 ms'}, socketSettings=SocketSettings{connectTimeoutMS=10000, readTimeoutMS=0, receiveBufferSize=0, proxySettings=ProxySettings{host=null, port=null, username=null, password=null}}, heartbeatSocketSettings=SocketSettings{connectTimeoutMS=10000, readTimeoutMS=10000, receiveBufferSize=0, proxySettings=ProxySettings{host=null, port=null, username=null, password=null}}, connectionPoolSettings=ConnectionPoolSettings{maxSize=100, minSize=0, maxWaitTimeMS=120000, maxConnectionLifeTimeMS=0, maxConnectionIdleTimeMS=0, maintenanceInitialDelayMS=0, maintenanceFrequencyMS=60000, connectionPoolListeners=[], maxConnecting=2}, serverSettings=ServerSettings{heartbeatFrequencyMS=10000, minHeartbeatFrequencyMS=500, serverListeners='[]', serverMonitorListeners='[]'}, sslSettings=SslSettings{enabled=true, invalidHostNameAllowed=false, context=null}, applicationName='null', compressorList=[], uuidRepresentation=JAVA_LEGACY, serverApi=null, autoEncryptionSettings=null, dnsClient=null, inetAddressResolver=null, contextProvider=null}
2024-09-15T07:40:44.656+05:30  INFO 25400 --- [ProductService] [hlc.mongodb.net] org.mongodb.driver.cluster               : Adding discovered server cluster0-shard-00-00.5whlc.mongodb.net:27017 to client view of cluster
2024-09-15T07:40:44.711+05:30  INFO 25400 --- [ProductService] [hlc.mongodb.net] org.mongodb.driver.cluster               : Adding discovered server cluster0-shard-00-02.5whlc.mongodb.net:27017 to client view of cluster
2024-09-15T07:40:44.715+05:30  INFO 25400 --- [ProductService] [hlc.mongodb.net] org.mongodb.driver.cluster               : Adding discovered server cluster0-shard-00-01.5whlc.mongodb.net:27017 to client view of cluster
2024-09-15T07:40:45.705+05:30  INFO 25400 --- [ProductService] [ngodb.net:27017] org.mongodb.driver.cluster               : Monitor thread successfully connected to server with description ServerDescription{address=cluster0-shard-00-02.5whlc.mongodb.net:27017, type=REPLICA_SET_PRIMARY, state=CONNECTED, ok=true, minWireVersion=0, maxWireVersion=21, maxDocumentSize=16777216, logicalSessionTimeoutMinutes=30, roundTripTimeNanos=521601100, setName='atlas-pkdu82-shard-0', canonicalAddress=cluster0-shard-00-02.5whlc.mongodb.net:27017, hosts=[cluster0-shard-00-01.5whlc.mongodb.net:27017, cluster0-shard-00-00.5whlc.mongodb.net:27017, cluster0-shard-00-02.5whlc.mongodb.net:27017], passives=[], arbiters=[], primary='cluster0-shard-00-02.5whlc.mongodb.net:27017', tagSet=TagSet{[Tag{name='availabilityZone', value='aps1-az2'}, Tag{name='diskState', value='READY'}, Tag{name='nodeType', value='ELECTABLE'}, Tag{name='provider', value='AWS'}, Tag{name='region', value='AP_SOUTH_1'}, Tag{name='workloadType', value='OPERATIONAL'}]}, electionId=7fffffff0000000000000061, setVersion=92, topologyVersion=TopologyVersion{processId=66e42225a53f1d879c391db5, counter=6}, lastWriteDate=Sun Sep 15 07:40:44 IST 2024, lastUpdateTimeNanos=230755897941800}
2024-09-15T07:40:45.705+05:30  INFO 25400 --- [ProductService] [ngodb.net:27017] org.mongodb.driver.cluster               : Monitor thread successfully connected to server with description ServerDescription{address=cluster0-shard-00-00.5whlc.mongodb.net:27017, type=REPLICA_SET_SECONDARY, state=CONNECTED, ok=true, minWireVersion=0, maxWireVersion=21, maxDocumentSize=16777216, logicalSessionTimeoutMinutes=30, roundTripTimeNanos=531533900, setName='atlas-pkdu82-shard-0', canonicalAddress=cluster0-shard-00-00.5whlc.mongodb.net:27017, hosts=[cluster0-shard-00-01.5whlc.mongodb.net:27017, cluster0-shard-00-00.5whlc.mongodb.net:27017, cluster0-shard-00-02.5whlc.mongodb.net:27017], passives=[], arbiters=[], primary='cluster0-shard-00-02.5whlc.mongodb.net:27017', tagSet=TagSet{[Tag{name='availabilityZone', value='aps1-az1'}, Tag{name='diskState', value='READY'}, Tag{name='nodeType', value='ELECTABLE'}, Tag{name='provider', value='AWS'}, Tag{name='region', value='AP_SOUTH_1'}, Tag{name='workloadType', value='OPERATIONAL'}]}, electionId=null, setVersion=92, topologyVersion=TopologyVersion{processId=66e4232e6341ce3bf56e8d66, counter=4}, lastWriteDate=Sun Sep 15 07:40:44 IST 2024, lastUpdateTimeNanos=230755898140600}
2024-09-15T07:40:45.705+05:30  INFO 25400 --- [ProductService] [ngodb.net:27017] org.mongodb.driver.cluster               : Monitor thread successfully connected to server with description ServerDescription{address=cluster0-shard-00-01.5whlc.mongodb.net:27017, type=REPLICA_SET_SECONDARY, state=CONNECTED, ok=true, minWireVersion=0, maxWireVersion=21, maxDocumentSize=16777216, logicalSessionTimeoutMinutes=30, roundTripTimeNanos=525412600, setName='atlas-pkdu82-shard-0', canonicalAddress=cluster0-shard-00-01.5whlc.mongodb.net:27017, hosts=[cluster0-shard-00-01.5whlc.mongodb.net:27017, cluster0-shard-00-00.5whlc.mongodb.net:27017, cluster0-shard-00-02.5whlc.mongodb.net:27017], passives=[], arbiters=[], primary='cluster0-shard-00-02.5whlc.mongodb.net:27017', tagSet=TagSet{[Tag{name='availabilityZone', value='aps1-az3'}, Tag{name='diskState', value='READY'}, Tag{name='nodeType', value='ELECTABLE'}, Tag{name='provider', value='AWS'}, Tag{name='region', value='AP_SOUTH_1'}, Tag{name='workloadType', value='OPERATIONAL'}]}, electionId=null, setVersion=92, topologyVersion=TopologyVersion{processId=66e42457bf91701bbf5c7dc6, counter=3}, lastWriteDate=Sun Sep 15 07:40:44 IST 2024, lastUpdateTimeNanos=230755897941700}
2024-09-15T07:40:45.714+05:30  INFO 25400 --- [ProductService] [ngodb.net:27017] org.mongodb.driver.cluster               : Discovered replica set primary cluster0-shard-00-02.5whlc.mongodb.net:27017 with max election id 7fffffff0000000000000061 and max set version 92
2024-09-15T07:40:46.274+05:30  INFO 25400 --- [ProductService] [           main] c.M.P.ProductServiceApplicationTests     : Started ProductServiceApplicationTests in 4.443 seconds (process running for 6.458)
]]></system-out>
    <system-err><![CDATA[WARNING: A Java agent has been loaded dynamically (C:\Users\yasho\.m2\repository\net\bytebuddy\byte-buddy-agent\1.14.19\byte-buddy-agent-1.14.19.jar)
WARNING: If a serviceability tool is in use, please run with -XX:+EnableDynamicAgentLoading to hide this warning
WARNING: If a serviceability tool is not in use, please run with -Djdk.instrument.traceUsage for more information
WARNING: Dynamic loading of agents will be disallowed by default in a future release
]]></system-err>
  </testcase>
</testsuite>